This file contains any messages produced by compilers while
running configure, to aid debugging if configure makes a mistake.

It was created by configure, which was
generated by GNU Autoconf 2.65.  Invocation command line was

  $ ./configure --enable-conduits

## --------- ##
## Platform. ##
## --------- ##

hostname = sadiemain
uname -m = x86_64
uname -r = 6.1.0-13-amd64
uname -s = Linux
uname -v = #1 SMP PREEMPT_DYNAMIC Debian 6.1.55-1 (2023-09-29)

/usr/bin/uname -p = unknown
/bin/uname -X     = unknown

/bin/arch              = x86_64
/usr/bin/arch -k       = unknown
/usr/convex/getsysinfo = unknown
/usr/bin/hostinfo      = unknown
/bin/machine           = unknown
/usr/bin/oslevel       = unknown
/bin/universe          = unknown

PATH: /home/kenny/.local/bin
PATH: /home/kenny/.local/bin
PATH: /usr/local/bin
PATH: /usr/bin
PATH: /bin
PATH: /usr/local/games
PATH: /usr/games
PATH: ~/.config/rofi/bin


## ----------- ##
## Core tests. ##
## ----------- ##

configure:2546: checking whether to enable maintainer-specific portions of Makefiles
configure:2555: result: no
configure:2642: checking build system type
configure:2656: result: x86_64-unknown-linux-gnu
configure:2676: checking host system type
configure:2689: result: x86_64-unknown-linux-gnu
configure:2709: checking target system type
configure:2722: result: x86_64-unknown-linux-gnu
configure:2771: checking for a BSD-compatible install
configure:2839: result: /usr/bin/install -c
configure:2850: checking whether build environment is sane
configure:2900: result: yes
configure:3041: checking for a thread-safe mkdir -p
configure:3080: result: /usr/bin/mkdir -p
configure:3093: checking for gawk
configure:3123: result: no
configure:3093: checking for mawk
configure:3109: found /usr/bin/mawk
configure:3120: result: mawk
configure:3131: checking whether make sets $(MAKE)
configure:3153: result: yes
configure:3283: checking for gcc
configure:3299: found /usr/bin/gcc
configure:3310: result: gcc
configure:3539: checking for C compiler version
configure:3548: gcc --version >&5
gcc (Debian 12.2.0-14) 12.2.0
Copyright (C) 2022 Free Software Foundation, Inc.
This is free software; see the source for copying conditions.  There is NO
warranty; not even for MERCHANTABILITY or FITNESS FOR A PARTICULAR PURPOSE.

configure:3559: $? = 0
configure:3548: gcc -v >&5
Using built-in specs.
COLLECT_GCC=gcc
COLLECT_LTO_WRAPPER=/usr/lib/gcc/x86_64-linux-gnu/12/lto-wrapper
OFFLOAD_TARGET_NAMES=nvptx-none:amdgcn-amdhsa
OFFLOAD_TARGET_DEFAULT=1
Target: x86_64-linux-gnu
Configured with: ../src/configure -v --with-pkgversion='Debian 12.2.0-14' --with-bugurl=file:///usr/share/doc/gcc-12/README.Bugs --enable-languages=c,ada,c++,go,d,fortran,objc,obj-c++,m2 --prefix=/usr --with-gcc-major-version-only --program-suffix=-12 --program-prefix=x86_64-linux-gnu- --enable-shared --enable-linker-build-id --libexecdir=/usr/lib --without-included-gettext --enable-threads=posix --libdir=/usr/lib --enable-nls --enable-clocale=gnu --enable-libstdcxx-debug --enable-libstdcxx-time=yes --with-default-libstdcxx-abi=new --enable-gnu-unique-object --disable-vtable-verify --enable-plugin --enable-default-pie --with-system-zlib --enable-libphobos-checking=release --with-target-system-zlib=auto --enable-objc-gc=auto --enable-multiarch --disable-werror --enable-cet --with-arch-32=i686 --with-abi=m64 --with-multilib-list=m32,m64,mx32 --enable-multilib --with-tune=generic --enable-offload-targets=nvptx-none=/build/gcc-12-bTRWOB/gcc-12-12.2.0/debian/tmp-nvptx/usr,amdgcn-amdhsa=/build/gcc-12-bTRWOB/gcc-12-12.2.0/debian/tmp-gcn/usr --enable-offload-defaulted --without-cuda-driver --enable-checking=release --build=x86_64-linux-gnu --host=x86_64-linux-gnu --target=x86_64-linux-gnu
Thread model: posix
Supported LTO compression algorithms: zlib zstd
gcc version 12.2.0 (Debian 12.2.0-14) 
... rest of stderr output deleted ...
configure:3559: $? = 0
configure:3548: gcc -V >&5
gcc: error: unrecognized command-line option '-V'
gcc: fatal error: no input files
compilation terminated.
configure:3559: $? = 1
configure:3548: gcc -qversion >&5
gcc: error: unrecognized command-line option '-qversion'; did you mean '--version'?
gcc: fatal error: no input files
compilation terminated.
configure:3559: $? = 1
configure:3579: checking whether the C compiler works
configure:3601: gcc    conftest.c  >&5
configure:3605: $? = 0
configure:3654: result: yes
configure:3657: checking for C compiler default output file name
configure:3659: result: a.out
configure:3665: checking for suffix of executables
configure:3672: gcc -o conftest    conftest.c  >&5
configure:3676: $? = 0
configure:3698: result: 
configure:3720: checking whether we are cross compiling
configure:3728: gcc -o conftest    conftest.c  >&5
configure:3732: $? = 0
configure:3739: ./conftest
configure:3743: $? = 0
configure:3758: result: no
configure:3763: checking for suffix of object files
configure:3785: gcc -c   conftest.c >&5
configure:3789: $? = 0
configure:3810: result: o
configure:3814: checking whether we are using the GNU C compiler
configure:3833: gcc -c   conftest.c >&5
configure:3833: $? = 0
configure:3842: result: yes
configure:3851: checking whether gcc accepts -g
configure:3871: gcc -c -g  conftest.c >&5
configure:3871: $? = 0
configure:3912: result: yes
configure:3929: checking for gcc option to accept ISO C89
configure:3993: gcc  -c   conftest.c >&5
configure:3993: $? = 0
configure:4006: result: none needed
configure:4037: checking for style of include used by make
configure:4065: result: GNU
configure:4090: checking dependency style of gcc
configure:4200: result: gcc3
configure:4269: checking for g77
configure:4299: result: no
configure:4269: checking for g77-3.2
configure:4299: result: no
configure:4269: checking for g77-3.3
configure:4299: result: no
configure:4269: checking for fl32
configure:4299: result: no
configure:4269: checking for f77
configure:4299: result: no
configure:4269: checking for fort77
configure:4299: result: no
configure:4269: checking for xlf
configure:4299: result: no
configure:4269: checking for f90
configure:4299: result: no
configure:4269: checking for xlf90
configure:4299: result: no
configure:4322: checking for Fortran 77 compiler version
configure:4331:  --version >&5
./configure: line 4333: --version: command not found
configure:4342: $? = 127
configure:4331:  -v >&5
./configure: line 4333: -v: command not found
configure:4342: $? = 127
configure:4331:  -V >&5
./configure: line 4333: -V: command not found
configure:4342: $? = 127
configure:4331:  -qversion >&5
./configure: line 4333: -qversion: command not found
configure:4342: $? = 127
configure:4351: checking whether we are using the GNU Fortran 77 compiler
configure:4364:  -c  conftest.F >&5
./configure: line 1813: -c: command not found
configure:4364: $? = 127
configure: failed program was:
|       program main
| #ifndef __GNUC__
|        choke me
| #endif
| 
|       end
configure:4373: result: no
configure:4379: checking whether  accepts -g
configure:4390:  -c -g conftest.f >&5
./configure: line 1813: -c: command not found
configure:4390: $? = 127
configure: failed program was:
|       program main
| 
|       end
configure:4398: result: no
configure:4452: checking for a sed that does not truncate output
configure:4516: result: /usr/bin/sed
configure:4534: checking for grep that handles long lines and -e
configure:4592: result: /usr/bin/grep
configure:4597: checking for egrep
configure:4659: result: /usr/bin/grep -E
configure:4664: checking for fgrep
configure:4726: result: /usr/bin/grep -F
configure:4761: checking for ld used by gcc
configure:4828: result: /usr/bin/ld
configure:4835: checking if the linker (/usr/bin/ld) is GNU ld
configure:4850: result: yes
configure:4862: checking for BSD- or MS-compatible name lister (nm)
configure:4911: result: /usr/bin/nm -B
configure:5029: checking the name lister (/usr/bin/nm -B) interface
configure:5036: gcc -c   conftest.c >&5
configure:5039: /usr/bin/nm -B "conftest.o"
configure:5042: output
0000000000000000 B some_variable
configure:5049: result: BSD nm
configure:5052: checking whether ln -s works
configure:5056: result: yes
configure:5064: checking the maximum length of command line arguments
configure:5184: result: 1572864
configure:5201: checking whether the shell understands some XSI constructs
configure:5211: result: yes
configure:5215: checking whether the shell understands "+="
configure:5221: result: yes
configure:5256: checking for /usr/bin/ld option to reload object files
configure:5263: result: -r
configure:5332: checking for objdump
configure:5348: found /usr/bin/objdump
configure:5359: result: objdump
configure:5391: checking how to recognize dependent libraries
configure:5587: result: pass_all
configure:5647: checking for ar
configure:5663: found /usr/bin/ar
configure:5674: result: ar
configure:5752: checking for strip
configure:5768: found /usr/bin/strip
configure:5779: result: strip
configure:5851: checking for ranlib
configure:5867: found /usr/bin/ranlib
configure:5878: result: ranlib
configure:5968: checking command to parse /usr/bin/nm -B output from gcc object
configure:6086: gcc -c   conftest.c >&5
configure:6089: $? = 0
configure:6093: /usr/bin/nm -B conftest.o \| sed -n -e 's/^.*[	 ]\([ABCDGIRSTW][ABCDGIRSTW]*\)[	 ][	 ]*\([_A-Za-z][_A-Za-z0-9]*\)$/\1 \2 \2/p' \> conftest.nm
configure:6096: $? = 0
configure:6150: gcc -o conftest    conftest.c conftstm.o >&5
configure:6153: $? = 0
configure:6191: result: ok
configure:6287: gcc -c   conftest.c >&5
configure:6290: $? = 0
configure:7000: checking how to run the C preprocessor
configure:7031: gcc -E  conftest.c
configure:7031: $? = 0
configure:7045: gcc -E  conftest.c
conftest.c:12:10: fatal error: ac_nonexistent.h: No such file or directory
   12 | #include <ac_nonexistent.h>
      |          ^~~~~~~~~~~~~~~~~~
compilation terminated.
configure:7045: $? = 1
configure: failed program was:
| /* confdefs.h */
| #define PACKAGE_NAME ""
| #define PACKAGE_TARNAME ""
| #define PACKAGE_VERSION ""
| #define PACKAGE_STRING ""
| #define PACKAGE_BUGREPORT ""
| #define PACKAGE_URL ""
| #define HOST_OS "x86_64-unknown-linux-gnu"
| #define PACKAGE "pilot-link"
| #define VERSION "0.12.5"
| /* end confdefs.h.  */
| #include <ac_nonexistent.h>
configure:7070: result: gcc -E
configure:7090: gcc -E  conftest.c
configure:7090: $? = 0
configure:7104: gcc -E  conftest.c
conftest.c:12:10: fatal error: ac_nonexistent.h: No such file or directory
   12 | #include <ac_nonexistent.h>
      |          ^~~~~~~~~~~~~~~~~~
compilation terminated.
configure:7104: $? = 1
configure: failed program was:
| /* confdefs.h */
| #define PACKAGE_NAME ""
| #define PACKAGE_TARNAME ""
| #define PACKAGE_VERSION ""
| #define PACKAGE_STRING ""
| #define PACKAGE_BUGREPORT ""
| #define PACKAGE_URL ""
| #define HOST_OS "x86_64-unknown-linux-gnu"
| #define PACKAGE "pilot-link"
| #define VERSION "0.12.5"
| /* end confdefs.h.  */
| #include <ac_nonexistent.h>
configure:7133: checking for ANSI C header files
configure:7153: gcc -c   conftest.c >&5
configure:7153: $? = 0
configure:7226: gcc -o conftest    conftest.c  >&5
configure:7226: $? = 0
configure:7226: ./conftest
configure:7226: $? = 0
configure:7237: result: yes
configure:7250: checking for sys/types.h
configure:7250: gcc -c   conftest.c >&5
configure:7250: $? = 0
configure:7250: result: yes
configure:7250: checking for sys/stat.h
configure:7250: gcc -c   conftest.c >&5
configure:7250: $? = 0
configure:7250: result: yes
configure:7250: checking for stdlib.h
configure:7250: gcc -c   conftest.c >&5
configure:7250: $? = 0
configure:7250: result: yes
configure:7250: checking for string.h
configure:7250: gcc -c   conftest.c >&5
configure:7250: $? = 0
configure:7250: result: yes
configure:7250: checking for memory.h
configure:7250: gcc -c   conftest.c >&5
configure:7250: $? = 0
configure:7250: result: yes
configure:7250: checking for strings.h
configure:7250: gcc -c   conftest.c >&5
configure:7250: $? = 0
configure:7250: result: yes
configure:7250: checking for inttypes.h
configure:7250: gcc -c   conftest.c >&5
configure:7250: $? = 0
configure:7250: result: yes
configure:7250: checking for stdint.h
configure:7250: gcc -c   conftest.c >&5
configure:7250: $? = 0
configure:7250: result: yes
configure:7250: checking for unistd.h
configure:7250: gcc -c   conftest.c >&5
configure:7250: $? = 0
configure:7250: result: yes
configure:7265: checking for dlfcn.h
configure:7265: gcc -c   conftest.c >&5
configure:7265: $? = 0
configure:7265: result: yes
configure:7331: checking for g77
configure:7361: result: no
configure:7331: checking for xlf
configure:7361: result: no
configure:7331: checking for f77
configure:7361: result: no
configure:7331: checking for frt
configure:7361: result: no
configure:7331: checking for pgf77
configure:7361: result: no
configure:7331: checking for cf77
configure:7361: result: no
configure:7331: checking for fort77
configure:7361: result: no
configure:7331: checking for fl32
configure:7361: result: no
configure:7331: checking for af77
configure:7361: result: no
configure:7331: checking for xlf90
configure:7361: result: no
configure:7331: checking for f90
configure:7361: result: no
configure:7331: checking for pgf90
configure:7361: result: no
configure:7331: checking for pghpf
configure:7361: result: no
configure:7331: checking for epcf90
configure:7361: result: no
configure:7331: checking for gfortran
configure:7361: result: no
configure:7331: checking for g95
configure:7361: result: no
configure:7331: checking for xlf95
configure:7361: result: no
configure:7331: checking for f95
configure:7361: result: no
configure:7331: checking for fort
configure:7361: result: no
configure:7331: checking for ifort
configure:7361: result: no
configure:7331: checking for ifc
configure:7361: result: no
configure:7331: checking for efc
configure:7361: result: no
configure:7331: checking for pgf95
configure:7361: result: no
configure:7331: checking for lf95
configure:7361: result: no
configure:7331: checking for ftn
configure:7361: result: no
configure:7384: checking for Fortran 77 compiler version
configure:7393:  --version >&5
./configure: line 7395: --version: command not found
configure:7404: $? = 127
configure:7393:  -v >&5
./configure: line 7395: -v: command not found
configure:7404: $? = 127
configure:7393:  -V >&5
./configure: line 7395: -V: command not found
configure:7404: $? = 127
configure:7393:  -qversion >&5
./configure: line 7395: -qversion: command not found
configure:7404: $? = 127
configure:7413: checking whether we are using the GNU Fortran 77 compiler
configure:7435: result: no
configure:7441: checking whether  accepts -g
configure:7460: result: no
configure:7668: checking for objdir
configure:7683: result: .libs
configure:7979: checking if gcc supports -fno-rtti -fno-exceptions
configure:7997: gcc -c   -fno-rtti -fno-exceptions conftest.c >&5
cc1: warning: command-line option '-fno-rtti' is valid for C++/D/ObjC++ but not for C
configure:8001: $? = 0
configure:8014: result: no
configure:8034: checking for gcc option to produce PIC
configure:8306: result: -fPIC -DPIC
configure:8318: checking if gcc PIC flag -fPIC -DPIC works
configure:8336: gcc -c   -fPIC -DPIC -DPIC conftest.c >&5
configure:8340: $? = 0
configure:8353: result: yes
configure:8377: checking if gcc static flag -static works
configure:8405: result: yes
configure:8420: checking if gcc supports -c -o file.o
configure:8441: gcc -c   -o out/conftest2.o conftest.c >&5
configure:8445: $? = 0
configure:8467: result: yes
configure:8475: checking if gcc supports -c -o file.o
configure:8522: result: yes
configure:8555: checking whether the gcc linker (/usr/bin/ld -m elf_x86_64) supports shared libraries
configure:9546: result: yes
configure:9583: checking whether -lc should be explicitly linked in
configure:9588: gcc -c   conftest.c >&5
configure:9591: $? = 0
configure:9606: gcc -shared conftest.o  -v -Wl,-soname -Wl,conftest -o conftest 2\>\&1 \| /usr/bin/grep  -lc  \>/dev/null 2\>\&1
configure:9609: $? = 0
configure:9621: result: no
configure:9785: checking dynamic linker characteristics
configure:10218: gcc -o conftest    -Wl,-rpath -Wl,/foo conftest.c  >&5
configure:10218: $? = 0
configure:10448: result: GNU/Linux ld.so
configure:10550: checking how to hardcode library paths into programs
configure:10575: result: immediate
configure:11095: checking whether stripping libraries is possible
configure:11100: result: yes
configure:11135: checking if libtool supports shared libraries
configure:11137: result: yes
configure:11140: checking whether to build shared libraries
configure:11161: result: yes
configure:11164: checking whether to build static libraries
configure:11168: result: yes
configure:13687: checking for bison
configure:13717: result: no
configure:13687: checking for byacc
configure:13717: result: no
configure:13873: checking for ANSI C header files
configure:13977: result: yes
configure:13985: checking for an ANSI C-conforming const
configure:14050: gcc -c -g2 -Wall  conftest.c >&5
conftest.c: In function 'main':
conftest.c:55:7: warning: 't' is used uninitialized [-Wuninitialized]
   55 |     *t++ = 0;
      |      ~^~
conftest.c:52:11: note: 't' was declared here
   52 |     char *t;
      |           ^
conftest.c:71:23: warning: 'b' may be used uninitialized [-Wmaybe-uninitialized]
   71 |     struct s *b; b->j = 5;
      |                  ~~~~~^~~
conftest.c:71:15: note: 'b' was declared here
   71 |     struct s *b; b->j = 5;
      |               ^
conftest.c:77:13: warning: 'cs' may be used uninitialized [-Wmaybe-uninitialized]
   77 |   return !cs[0] && !zero.x;
      |           ~~^~~
conftest.c:34:17: note: 'cs' declared here
   34 |   const charset cs;
      |                 ^~
configure:14050: $? = 0
configure:14057: result: yes
configure:14065: checking whether time.h and sys/time.h may both be included
configure:14085: gcc -c -g2 -Wall  conftest.c >&5
configure:14085: $? = 0
configure:14092: result: yes
configure:14100: checking whether struct tm is in sys/time.h or time.h
configure:14120: gcc -c -g2 -Wall  conftest.c >&5
configure:14120: $? = 0
configure:14127: result: time.h
configure:14136: checking whether gcc needs -traditional
configure:14170: result: no
configure:14177: checking return type of signal handlers
configure:14195: gcc -c -g2 -Wall  conftest.c >&5
conftest.c: In function 'main':
conftest.c:33:10: error: void value not ignored as it ought to be
   33 | return *(signal (0, 0)) (0) == 1;
      |         ~^~~~~~~~~~~~~~~~~~
configure:14195: $? = 1
configure: failed program was:
| /* confdefs.h */
| #define PACKAGE_NAME ""
| #define PACKAGE_TARNAME ""
| #define PACKAGE_VERSION ""
| #define PACKAGE_STRING ""
| #define PACKAGE_BUGREPORT ""
| #define PACKAGE_URL ""
| #define HOST_OS "x86_64-unknown-linux-gnu"
| #define PACKAGE "pilot-link"
| #define VERSION "0.12.5"
| #define STDC_HEADERS 1
| #define HAVE_SYS_TYPES_H 1
| #define HAVE_SYS_STAT_H 1
| #define HAVE_STDLIB_H 1
| #define HAVE_STRING_H 1
| #define HAVE_MEMORY_H 1
| #define HAVE_STRINGS_H 1
| #define HAVE_INTTYPES_H 1
| #define HAVE_STDINT_H 1
| #define HAVE_UNISTD_H 1
| #define HAVE_DLFCN_H 1
| #define LT_OBJDIR ".libs/"
| #define NULL_DEVICE "/dev/null"
| #define STDC_HEADERS 1
| #define TIME_WITH_SYS_TIME 1
| /* end confdefs.h.  */
| #include <sys/types.h>
| #include <signal.h>
| 
| int
| main ()
| {
| return *(signal (0, 0)) (0) == 1;
|   ;
|   return 0;
| }
configure:14202: result: void
configure:14217: checking dirent.h usability
configure:14217: gcc -c -g2 -Wall  conftest.c >&5
configure:14217: $? = 0
configure:14217: result: yes
configure:14217: checking dirent.h presence
configure:14217: gcc -E  conftest.c
configure:14217: $? = 0
configure:14217: result: yes
configure:14217: checking for dirent.h
configure:14217: result: yes
configure:14217: checking errno.h usability
configure:14217: gcc -c -g2 -Wall  conftest.c >&5
configure:14217: $? = 0
configure:14217: result: yes
configure:14217: checking errno.h presence
configure:14217: gcc -E  conftest.c
configure:14217: $? = 0
configure:14217: result: yes
configure:14217: checking for errno.h
configure:14217: result: yes
configure:14217: checking fcntl.h usability
configure:14217: gcc -c -g2 -Wall  conftest.c >&5
configure:14217: $? = 0
configure:14217: result: yes
configure:14217: checking fcntl.h presence
configure:14217: gcc -E  conftest.c
configure:14217: $? = 0
configure:14217: result: yes
configure:14217: checking for fcntl.h
configure:14217: result: yes
configure:14217: checking for inttypes.h
configure:14217: result: yes
configure:14217: checking for memory.h
configure:14217: result: yes
configure:14217: checking netdb.h usability
configure:14217: gcc -c -g2 -Wall  conftest.c >&5
configure:14217: $? = 0
configure:14217: result: yes
configure:14217: checking netdb.h presence
configure:14217: gcc -E  conftest.c
configure:14217: $? = 0
configure:14217: result: yes
configure:14217: checking for netdb.h
configure:14217: result: yes
configure:14217: checking netinet/in.h usability
configure:14217: gcc -c -g2 -Wall  conftest.c >&5
configure:14217: $? = 0
configure:14217: result: yes
configure:14217: checking netinet/in.h presence
configure:14217: gcc -E  conftest.c
configure:14217: $? = 0
configure:14217: result: yes
configure:14217: checking for netinet/in.h
configure:14217: result: yes
configure:14217: checking regex.h usability
configure:14217: gcc -c -g2 -Wall  conftest.c >&5
configure:14217: $? = 0
configure:14217: result: yes
configure:14217: checking regex.h presence
configure:14217: gcc -E  conftest.c
configure:14217: $? = 0
configure:14217: result: yes
configure:14217: checking for regex.h
configure:14217: result: yes
configure:14217: checking for stdint.h
configure:14217: result: yes
configure:14217: checking for stdlib.h
configure:14217: result: yes
configure:14217: checking for string.h
configure:14217: result: yes
configure:14217: checking for strings.h
configure:14217: result: yes
configure:14217: checking sys/ioctl_compat.h usability
configure:14217: gcc -c -g2 -Wall  conftest.c >&5
conftest.c:73:10: fatal error: sys/ioctl_compat.h: No such file or directory
   73 | #include <sys/ioctl_compat.h>
      |          ^~~~~~~~~~~~~~~~~~~~
compilation terminated.
configure:14217: $? = 1
configure: failed program was:
| /* confdefs.h */
| #define PACKAGE_NAME ""
| #define PACKAGE_TARNAME ""
| #define PACKAGE_VERSION ""
| #define PACKAGE_STRING ""
| #define PACKAGE_BUGREPORT ""
| #define PACKAGE_URL ""
| #define HOST_OS "x86_64-unknown-linux-gnu"
| #define PACKAGE "pilot-link"
| #define VERSION "0.12.5"
| #define STDC_HEADERS 1
| #define HAVE_SYS_TYPES_H 1
| #define HAVE_SYS_STAT_H 1
| #define HAVE_STDLIB_H 1
| #define HAVE_STRING_H 1
| #define HAVE_MEMORY_H 1
| #define HAVE_STRINGS_H 1
| #define HAVE_INTTYPES_H 1
| #define HAVE_STDINT_H 1
| #define HAVE_UNISTD_H 1
| #define HAVE_DLFCN_H 1
| #define LT_OBJDIR ".libs/"
| #define NULL_DEVICE "/dev/null"
| #define STDC_HEADERS 1
| #define TIME_WITH_SYS_TIME 1
| #define RETSIGTYPE void
| #define HAVE_DIRENT_H 1
| #define HAVE_ERRNO_H 1
| #define HAVE_FCNTL_H 1
| #define HAVE_INTTYPES_H 1
| #define HAVE_MEMORY_H 1
| #define HAVE_NETDB_H 1
| #define HAVE_NETINET_IN_H 1
| #define HAVE_REGEX_H 1
| #define HAVE_STDINT_H 1
| #define HAVE_STDLIB_H 1
| #define HAVE_STRING_H 1
| #define HAVE_STRINGS_H 1
| /* end confdefs.h.  */
| #include <stdio.h>
| #ifdef HAVE_SYS_TYPES_H
| # include <sys/types.h>
| #endif
| #ifdef HAVE_SYS_STAT_H
| # include <sys/stat.h>
| #endif
| #ifdef STDC_HEADERS
| # include <stdlib.h>
| # include <stddef.h>
| #else
| # ifdef HAVE_STDLIB_H
| #  include <stdlib.h>
| # endif
| #endif
| #ifdef HAVE_STRING_H
| # if !defined STDC_HEADERS && defined HAVE_MEMORY_H
| #  include <memory.h>
| # endif
| # include <string.h>
| #endif
| #ifdef HAVE_STRINGS_H
| # include <strings.h>
| #endif
| #ifdef HAVE_INTTYPES_H
| # include <inttypes.h>
| #endif
| #ifdef HAVE_STDINT_H
| # include <stdint.h>
| #endif
| #ifdef HAVE_UNISTD_H
| # include <unistd.h>
| #endif
| #include <sys/ioctl_compat.h>
configure:14217: result: no
configure:14217: checking sys/ioctl_compat.h presence
configure:14217: gcc -E  conftest.c
conftest.c:40:10: fatal error: sys/ioctl_compat.h: No such file or directory
   40 | #include <sys/ioctl_compat.h>
      |          ^~~~~~~~~~~~~~~~~~~~
compilation terminated.
configure:14217: $? = 1
configure: failed program was:
| /* confdefs.h */
| #define PACKAGE_NAME ""
| #define PACKAGE_TARNAME ""
| #define PACKAGE_VERSION ""
| #define PACKAGE_STRING ""
| #define PACKAGE_BUGREPORT ""
| #define PACKAGE_URL ""
| #define HOST_OS "x86_64-unknown-linux-gnu"
| #define PACKAGE "pilot-link"
| #define VERSION "0.12.5"
| #define STDC_HEADERS 1
| #define HAVE_SYS_TYPES_H 1
| #define HAVE_SYS_STAT_H 1
| #define HAVE_STDLIB_H 1
| #define HAVE_STRING_H 1
| #define HAVE_MEMORY_H 1
| #define HAVE_STRINGS_H 1
| #define HAVE_INTTYPES_H 1
| #define HAVE_STDINT_H 1
| #define HAVE_UNISTD_H 1
| #define HAVE_DLFCN_H 1
| #define LT_OBJDIR ".libs/"
| #define NULL_DEVICE "/dev/null"
| #define STDC_HEADERS 1
| #define TIME_WITH_SYS_TIME 1
| #define RETSIGTYPE void
| #define HAVE_DIRENT_H 1
| #define HAVE_ERRNO_H 1
| #define HAVE_FCNTL_H 1
| #define HAVE_INTTYPES_H 1
| #define HAVE_MEMORY_H 1
| #define HAVE_NETDB_H 1
| #define HAVE_NETINET_IN_H 1
| #define HAVE_REGEX_H 1
| #define HAVE_STDINT_H 1
| #define HAVE_STDLIB_H 1
| #define HAVE_STRING_H 1
| #define HAVE_STRINGS_H 1
| /* end confdefs.h.  */
| #include <sys/ioctl_compat.h>
configure:14217: result: no
configure:14217: checking for sys/ioctl_compat.h
configure:14217: result: no
configure:14217: checking sys/ioctl.h usability
configure:14217: gcc -c -g2 -Wall  conftest.c >&5
configure:14217: $? = 0
configure:14217: result: yes
configure:14217: checking sys/ioctl.h presence
configure:14217: gcc -E  conftest.c
configure:14217: $? = 0
configure:14217: result: yes
configure:14217: checking for sys/ioctl.h
configure:14217: result: yes
configure:14217: checking sys/malloc.h usability
configure:14217: gcc -c -g2 -Wall  conftest.c >&5
conftest.c:74:10: fatal error: sys/malloc.h: No such file or directory
   74 | #include <sys/malloc.h>
      |          ^~~~~~~~~~~~~~
compilation terminated.
configure:14217: $? = 1
configure: failed program was:
| /* confdefs.h */
| #define PACKAGE_NAME ""
| #define PACKAGE_TARNAME ""
| #define PACKAGE_VERSION ""
| #define PACKAGE_STRING ""
| #define PACKAGE_BUGREPORT ""
| #define PACKAGE_URL ""
| #define HOST_OS "x86_64-unknown-linux-gnu"
| #define PACKAGE "pilot-link"
| #define VERSION "0.12.5"
| #define STDC_HEADERS 1
| #define HAVE_SYS_TYPES_H 1
| #define HAVE_SYS_STAT_H 1
| #define HAVE_STDLIB_H 1
| #define HAVE_STRING_H 1
| #define HAVE_MEMORY_H 1
| #define HAVE_STRINGS_H 1
| #define HAVE_INTTYPES_H 1
| #define HAVE_STDINT_H 1
| #define HAVE_UNISTD_H 1
| #define HAVE_DLFCN_H 1
| #define LT_OBJDIR ".libs/"
| #define NULL_DEVICE "/dev/null"
| #define STDC_HEADERS 1
| #define TIME_WITH_SYS_TIME 1
| #define RETSIGTYPE void
| #define HAVE_DIRENT_H 1
| #define HAVE_ERRNO_H 1
| #define HAVE_FCNTL_H 1
| #define HAVE_INTTYPES_H 1
| #define HAVE_MEMORY_H 1
| #define HAVE_NETDB_H 1
| #define HAVE_NETINET_IN_H 1
| #define HAVE_REGEX_H 1
| #define HAVE_STDINT_H 1
| #define HAVE_STDLIB_H 1
| #define HAVE_STRING_H 1
| #define HAVE_STRINGS_H 1
| #define HAVE_SYS_IOCTL_H 1
| /* end confdefs.h.  */
| #include <stdio.h>
| #ifdef HAVE_SYS_TYPES_H
| # include <sys/types.h>
| #endif
| #ifdef HAVE_SYS_STAT_H
| # include <sys/stat.h>
| #endif
| #ifdef STDC_HEADERS
| # include <stdlib.h>
| # include <stddef.h>
| #else
| # ifdef HAVE_STDLIB_H
| #  include <stdlib.h>
| # endif
| #endif
| #ifdef HAVE_STRING_H
| # if !defined STDC_HEADERS && defined HAVE_MEMORY_H
| #  include <memory.h>
| # endif
| # include <string.h>
| #endif
| #ifdef HAVE_STRINGS_H
| # include <strings.h>
| #endif
| #ifdef HAVE_INTTYPES_H
| # include <inttypes.h>
| #endif
| #ifdef HAVE_STDINT_H
| # include <stdint.h>
| #endif
| #ifdef HAVE_UNISTD_H
| # include <unistd.h>
| #endif
| #include <sys/malloc.h>
configure:14217: result: no
configure:14217: checking sys/malloc.h presence
configure:14217: gcc -E  conftest.c
conftest.c:41:10: fatal error: sys/malloc.h: No such file or directory
   41 | #include <sys/malloc.h>
      |          ^~~~~~~~~~~~~~
compilation terminated.
configure:14217: $? = 1
configure: failed program was:
| /* confdefs.h */
| #define PACKAGE_NAME ""
| #define PACKAGE_TARNAME ""
| #define PACKAGE_VERSION ""
| #define PACKAGE_STRING ""
| #define PACKAGE_BUGREPORT ""
| #define PACKAGE_URL ""
| #define HOST_OS "x86_64-unknown-linux-gnu"
| #define PACKAGE "pilot-link"
| #define VERSION "0.12.5"
| #define STDC_HEADERS 1
| #define HAVE_SYS_TYPES_H 1
| #define HAVE_SYS_STAT_H 1
| #define HAVE_STDLIB_H 1
| #define HAVE_STRING_H 1
| #define HAVE_MEMORY_H 1
| #define HAVE_STRINGS_H 1
| #define HAVE_INTTYPES_H 1
| #define HAVE_STDINT_H 1
| #define HAVE_UNISTD_H 1
| #define HAVE_DLFCN_H 1
| #define LT_OBJDIR ".libs/"
| #define NULL_DEVICE "/dev/null"
| #define STDC_HEADERS 1
| #define TIME_WITH_SYS_TIME 1
| #define RETSIGTYPE void
| #define HAVE_DIRENT_H 1
| #define HAVE_ERRNO_H 1
| #define HAVE_FCNTL_H 1
| #define HAVE_INTTYPES_H 1
| #define HAVE_MEMORY_H 1
| #define HAVE_NETDB_H 1
| #define HAVE_NETINET_IN_H 1
| #define HAVE_REGEX_H 1
| #define HAVE_STDINT_H 1
| #define HAVE_STDLIB_H 1
| #define HAVE_STRING_H 1
| #define HAVE_STRINGS_H 1
| #define HAVE_SYS_IOCTL_H 1
| /* end confdefs.h.  */
| #include <sys/malloc.h>
configure:14217: result: no
configure:14217: checking for sys/malloc.h
configure:14217: result: no
configure:14217: checking sys/select.h usability
configure:14217: gcc -c -g2 -Wall  conftest.c >&5
configure:14217: $? = 0
configure:14217: result: yes
configure:14217: checking sys/select.h presence
configure:14217: gcc -E  conftest.c
configure:14217: $? = 0
configure:14217: result: yes
configure:14217: checking for sys/select.h
configure:14217: result: yes
configure:14217: checking sys/sockio.h usability
configure:14217: gcc -c -g2 -Wall  conftest.c >&5
conftest.c:75:10: fatal error: sys/sockio.h: No such file or directory
   75 | #include <sys/sockio.h>
      |          ^~~~~~~~~~~~~~
compilation terminated.
configure:14217: $? = 1
configure: failed program was:
| /* confdefs.h */
| #define PACKAGE_NAME ""
| #define PACKAGE_TARNAME ""
| #define PACKAGE_VERSION ""
| #define PACKAGE_STRING ""
| #define PACKAGE_BUGREPORT ""
| #define PACKAGE_URL ""
| #define HOST_OS "x86_64-unknown-linux-gnu"
| #define PACKAGE "pilot-link"
| #define VERSION "0.12.5"
| #define STDC_HEADERS 1
| #define HAVE_SYS_TYPES_H 1
| #define HAVE_SYS_STAT_H 1
| #define HAVE_STDLIB_H 1
| #define HAVE_STRING_H 1
| #define HAVE_MEMORY_H 1
| #define HAVE_STRINGS_H 1
| #define HAVE_INTTYPES_H 1
| #define HAVE_STDINT_H 1
| #define HAVE_UNISTD_H 1
| #define HAVE_DLFCN_H 1
| #define LT_OBJDIR ".libs/"
| #define NULL_DEVICE "/dev/null"
| #define STDC_HEADERS 1
| #define TIME_WITH_SYS_TIME 1
| #define RETSIGTYPE void
| #define HAVE_DIRENT_H 1
| #define HAVE_ERRNO_H 1
| #define HAVE_FCNTL_H 1
| #define HAVE_INTTYPES_H 1
| #define HAVE_MEMORY_H 1
| #define HAVE_NETDB_H 1
| #define HAVE_NETINET_IN_H 1
| #define HAVE_REGEX_H 1
| #define HAVE_STDINT_H 1
| #define HAVE_STDLIB_H 1
| #define HAVE_STRING_H 1
| #define HAVE_STRINGS_H 1
| #define HAVE_SYS_IOCTL_H 1
| #define HAVE_SYS_SELECT_H 1
| /* end confdefs.h.  */
| #include <stdio.h>
| #ifdef HAVE_SYS_TYPES_H
| # include <sys/types.h>
| #endif
| #ifdef HAVE_SYS_STAT_H
| # include <sys/stat.h>
| #endif
| #ifdef STDC_HEADERS
| # include <stdlib.h>
| # include <stddef.h>
| #else
| # ifdef HAVE_STDLIB_H
| #  include <stdlib.h>
| # endif
| #endif
| #ifdef HAVE_STRING_H
| # if !defined STDC_HEADERS && defined HAVE_MEMORY_H
| #  include <memory.h>
| # endif
| # include <string.h>
| #endif
| #ifdef HAVE_STRINGS_H
| # include <strings.h>
| #endif
| #ifdef HAVE_INTTYPES_H
| # include <inttypes.h>
| #endif
| #ifdef HAVE_STDINT_H
| # include <stdint.h>
| #endif
| #ifdef HAVE_UNISTD_H
| # include <unistd.h>
| #endif
| #include <sys/sockio.h>
configure:14217: result: no
configure:14217: checking sys/sockio.h presence
configure:14217: gcc -E  conftest.c
conftest.c:42:10: fatal error: sys/sockio.h: No such file or directory
   42 | #include <sys/sockio.h>
      |          ^~~~~~~~~~~~~~
compilation terminated.
configure:14217: $? = 1
configure: failed program was:
| /* confdefs.h */
| #define PACKAGE_NAME ""
| #define PACKAGE_TARNAME ""
| #define PACKAGE_VERSION ""
| #define PACKAGE_STRING ""
| #define PACKAGE_BUGREPORT ""
| #define PACKAGE_URL ""
| #define HOST_OS "x86_64-unknown-linux-gnu"
| #define PACKAGE "pilot-link"
| #define VERSION "0.12.5"
| #define STDC_HEADERS 1
| #define HAVE_SYS_TYPES_H 1
| #define HAVE_SYS_STAT_H 1
| #define HAVE_STDLIB_H 1
| #define HAVE_STRING_H 1
| #define HAVE_MEMORY_H 1
| #define HAVE_STRINGS_H 1
| #define HAVE_INTTYPES_H 1
| #define HAVE_STDINT_H 1
| #define HAVE_UNISTD_H 1
| #define HAVE_DLFCN_H 1
| #define LT_OBJDIR ".libs/"
| #define NULL_DEVICE "/dev/null"
| #define STDC_HEADERS 1
| #define TIME_WITH_SYS_TIME 1
| #define RETSIGTYPE void
| #define HAVE_DIRENT_H 1
| #define HAVE_ERRNO_H 1
| #define HAVE_FCNTL_H 1
| #define HAVE_INTTYPES_H 1
| #define HAVE_MEMORY_H 1
| #define HAVE_NETDB_H 1
| #define HAVE_NETINET_IN_H 1
| #define HAVE_REGEX_H 1
| #define HAVE_STDINT_H 1
| #define HAVE_STDLIB_H 1
| #define HAVE_STRING_H 1
| #define HAVE_STRINGS_H 1
| #define HAVE_SYS_IOCTL_H 1
| #define HAVE_SYS_SELECT_H 1
| /* end confdefs.h.  */
| #include <sys/sockio.h>
configure:14217: result: no
configure:14217: checking for sys/sockio.h
configure:14217: result: no
configure:14217: checking sys/time.h usability
configure:14217: gcc -c -g2 -Wall  conftest.c >&5
configure:14217: $? = 0
configure:14217: result: yes
configure:14217: checking sys/time.h presence
configure:14217: gcc -E  conftest.c
configure:14217: $? = 0
configure:14217: result: yes
configure:14217: checking for sys/time.h
configure:14217: result: yes
configure:14217: checking sys/utsname.h usability
configure:14217: gcc -c -g2 -Wall  conftest.c >&5
configure:14217: $? = 0
configure:14217: result: yes
configure:14217: checking sys/utsname.h presence
configure:14217: gcc -E  conftest.c
configure:14217: $? = 0
configure:14217: result: yes
configure:14217: checking for sys/utsname.h
configure:14217: result: yes
configure:14217: checking for unistd.h
configure:14217: result: yes
configure:14217: checking IOKit/IOBSD.h usability
configure:14217: gcc -c -g2 -Wall  conftest.c >&5
conftest.c:78:10: fatal error: IOKit/IOBSD.h: No such file or directory
   78 | #include <IOKit/IOBSD.h>
      |          ^~~~~~~~~~~~~~~
compilation terminated.
configure:14217: $? = 1
configure: failed program was:
| /* confdefs.h */
| #define PACKAGE_NAME ""
| #define PACKAGE_TARNAME ""
| #define PACKAGE_VERSION ""
| #define PACKAGE_STRING ""
| #define PACKAGE_BUGREPORT ""
| #define PACKAGE_URL ""
| #define HOST_OS "x86_64-unknown-linux-gnu"
| #define PACKAGE "pilot-link"
| #define VERSION "0.12.5"
| #define STDC_HEADERS 1
| #define HAVE_SYS_TYPES_H 1
| #define HAVE_SYS_STAT_H 1
| #define HAVE_STDLIB_H 1
| #define HAVE_STRING_H 1
| #define HAVE_MEMORY_H 1
| #define HAVE_STRINGS_H 1
| #define HAVE_INTTYPES_H 1
| #define HAVE_STDINT_H 1
| #define HAVE_UNISTD_H 1
| #define HAVE_DLFCN_H 1
| #define LT_OBJDIR ".libs/"
| #define NULL_DEVICE "/dev/null"
| #define STDC_HEADERS 1
| #define TIME_WITH_SYS_TIME 1
| #define RETSIGTYPE void
| #define HAVE_DIRENT_H 1
| #define HAVE_ERRNO_H 1
| #define HAVE_FCNTL_H 1
| #define HAVE_INTTYPES_H 1
| #define HAVE_MEMORY_H 1
| #define HAVE_NETDB_H 1
| #define HAVE_NETINET_IN_H 1
| #define HAVE_REGEX_H 1
| #define HAVE_STDINT_H 1
| #define HAVE_STDLIB_H 1
| #define HAVE_STRING_H 1
| #define HAVE_STRINGS_H 1
| #define HAVE_SYS_IOCTL_H 1
| #define HAVE_SYS_SELECT_H 1
| #define HAVE_SYS_TIME_H 1
| #define HAVE_SYS_UTSNAME_H 1
| #define HAVE_UNISTD_H 1
| /* end confdefs.h.  */
| #include <stdio.h>
| #ifdef HAVE_SYS_TYPES_H
| # include <sys/types.h>
| #endif
| #ifdef HAVE_SYS_STAT_H
| # include <sys/stat.h>
| #endif
| #ifdef STDC_HEADERS
| # include <stdlib.h>
| # include <stddef.h>
| #else
| # ifdef HAVE_STDLIB_H
| #  include <stdlib.h>
| # endif
| #endif
| #ifdef HAVE_STRING_H
| # if !defined STDC_HEADERS && defined HAVE_MEMORY_H
| #  include <memory.h>
| # endif
| # include <string.h>
| #endif
| #ifdef HAVE_STRINGS_H
| # include <strings.h>
| #endif
| #ifdef HAVE_INTTYPES_H
| # include <inttypes.h>
| #endif
| #ifdef HAVE_STDINT_H
| # include <stdint.h>
| #endif
| #ifdef HAVE_UNISTD_H
| # include <unistd.h>
| #endif
| #include <IOKit/IOBSD.h>
configure:14217: result: no
configure:14217: checking IOKit/IOBSD.h presence
configure:14217: gcc -E  conftest.c
conftest.c:45:10: fatal error: IOKit/IOBSD.h: No such file or directory
   45 | #include <IOKit/IOBSD.h>
      |          ^~~~~~~~~~~~~~~
compilation terminated.
configure:14217: $? = 1
configure: failed program was:
| /* confdefs.h */
| #define PACKAGE_NAME ""
| #define PACKAGE_TARNAME ""
| #define PACKAGE_VERSION ""
| #define PACKAGE_STRING ""
| #define PACKAGE_BUGREPORT ""
| #define PACKAGE_URL ""
| #define HOST_OS "x86_64-unknown-linux-gnu"
| #define PACKAGE "pilot-link"
| #define VERSION "0.12.5"
| #define STDC_HEADERS 1
| #define HAVE_SYS_TYPES_H 1
| #define HAVE_SYS_STAT_H 1
| #define HAVE_STDLIB_H 1
| #define HAVE_STRING_H 1
| #define HAVE_MEMORY_H 1
| #define HAVE_STRINGS_H 1
| #define HAVE_INTTYPES_H 1
| #define HAVE_STDINT_H 1
| #define HAVE_UNISTD_H 1
| #define HAVE_DLFCN_H 1
| #define LT_OBJDIR ".libs/"
| #define NULL_DEVICE "/dev/null"
| #define STDC_HEADERS 1
| #define TIME_WITH_SYS_TIME 1
| #define RETSIGTYPE void
| #define HAVE_DIRENT_H 1
| #define HAVE_ERRNO_H 1
| #define HAVE_FCNTL_H 1
| #define HAVE_INTTYPES_H 1
| #define HAVE_MEMORY_H 1
| #define HAVE_NETDB_H 1
| #define HAVE_NETINET_IN_H 1
| #define HAVE_REGEX_H 1
| #define HAVE_STDINT_H 1
| #define HAVE_STDLIB_H 1
| #define HAVE_STRING_H 1
| #define HAVE_STRINGS_H 1
| #define HAVE_SYS_IOCTL_H 1
| #define HAVE_SYS_SELECT_H 1
| #define HAVE_SYS_TIME_H 1
| #define HAVE_SYS_UTSNAME_H 1
| #define HAVE_UNISTD_H 1
| /* end confdefs.h.  */
| #include <IOKit/IOBSD.h>
configure:14217: result: no
configure:14217: checking for IOKit/IOBSD.h
configure:14217: result: no
configure:14231: checking ifaddrs.h usability
configure:14231: gcc -c -g2 -Wall  conftest.c >&5
configure:14231: $? = 0
configure:14231: result: yes
configure:14231: checking ifaddrs.h presence
configure:14231: gcc -E  conftest.c
configure:14231: $? = 0
configure:14231: result: yes
configure:14231: checking for ifaddrs.h
configure:14231: result: yes
configure:14231: checking for inttypes.h
configure:14231: result: yes
configure:14248: checking for atexit
configure:14248: gcc -o conftest -g2 -Wall   conftest.c  >&5
configure:14248: $? = 0
configure:14248: result: yes
configure:14248: checking for cfmakeraw
configure:14248: gcc -o conftest -g2 -Wall   conftest.c  >&5
configure:14248: $? = 0
configure:14248: result: yes
configure:14248: checking for cfsetispeed
configure:14248: gcc -o conftest -g2 -Wall   conftest.c  >&5
configure:14248: $? = 0
configure:14248: result: yes
configure:14248: checking for cfsetospeed
configure:14248: gcc -o conftest -g2 -Wall   conftest.c  >&5
configure:14248: $? = 0
configure:14248: result: yes
configure:14248: checking for cfsetspeed
configure:14248: gcc -o conftest -g2 -Wall   conftest.c  >&5
configure:14248: $? = 0
configure:14248: result: yes
configure:14248: checking for dup2
configure:14248: gcc -o conftest -g2 -Wall   conftest.c  >&5
configure:14248: $? = 0
configure:14248: result: yes
configure:14248: checking for gethostname
configure:14248: gcc -o conftest -g2 -Wall   conftest.c  >&5
configure:14248: $? = 0
configure:14248: result: yes
configure:14248: checking for inet_aton
configure:14248: gcc -o conftest -g2 -Wall   conftest.c  >&5
configure:14248: $? = 0
configure:14248: result: yes
configure:14248: checking for malloc
configure:14248: gcc -o conftest -g2 -Wall   conftest.c  >&5
conftest.c:78:6: warning: conflicting types for built-in function 'malloc'; expected 'void *(long unsigned int)' [-Wbuiltin-declaration-mismatch]
   78 | char malloc ();
      |      ^~~~~~
conftest.c:66:1: note: 'malloc' is declared in header '<stdlib.h>'
   65 | # include <limits.h>
   66 | #else
configure:14248: $? = 0
configure:14248: result: yes
configure:14248: checking for memcpy
configure:14248: gcc -o conftest -g2 -Wall   conftest.c  >&5
conftest.c:79:6: warning: conflicting types for built-in function 'memcpy'; expected 'void *(void *, const void *, long unsigned int)' [-Wbuiltin-declaration-mismatch]
   79 | char memcpy ();
      |      ^~~~~~
conftest.c:67:1: note: 'memcpy' is declared in header '<string.h>'
   66 | # include <limits.h>
   67 | #else
configure:14248: $? = 0
configure:14248: result: yes
configure:14248: checking for memmove
configure:14248: gcc -o conftest -g2 -Wall   conftest.c  >&5
conftest.c:80:6: warning: conflicting types for built-in function 'memmove'; expected 'void *(void *, const void *, long unsigned int)' [-Wbuiltin-declaration-mismatch]
   80 | char memmove ();
      |      ^~~~~~~
conftest.c:68:1: note: 'memmove' is declared in header '<string.h>'
   67 | # include <limits.h>
   68 | #else
configure:14248: $? = 0
configure:14248: result: yes
configure:14248: checking for putenv
configure:14248: gcc -o conftest -g2 -Wall   conftest.c  >&5
configure:14248: $? = 0
configure:14248: result: yes
configure:14248: checking for sigaction
configure:14248: gcc -o conftest -g2 -Wall   conftest.c  >&5
configure:14248: $? = 0
configure:14248: result: yes
configure:14248: checking for snprintf
configure:14248: gcc -o conftest -g2 -Wall   conftest.c  >&5
conftest.c:83:6: warning: conflicting types for built-in function 'snprintf'; expected 'int(char *, long unsigned int,  const char *, ...)' [-Wbuiltin-declaration-mismatch]
   83 | char snprintf ();
      |      ^~~~~~~~
conftest.c:71:1: note: 'snprintf' is declared in header '<stdio.h>'
   70 | # include <limits.h>
   71 | #else
configure:14248: $? = 0
configure:14248: result: yes
configure:14248: checking for strchr
configure:14248: gcc -o conftest -g2 -Wall   conftest.c  >&5
conftest.c:84:6: warning: conflicting types for built-in function 'strchr'; expected 'char *(const char *, int)' [-Wbuiltin-declaration-mismatch]
   84 | char strchr ();
      |      ^~~~~~
conftest.c:72:1: note: 'strchr' is declared in header '<string.h>'
   71 | # include <limits.h>
   72 | #else
configure:14248: $? = 0
configure:14248: result: yes
configure:14248: checking for strdup
configure:14248: gcc -o conftest -g2 -Wall   conftest.c  >&5
conftest.c:85:6: warning: conflicting types for built-in function 'strdup'; expected 'char *(const char *)' [-Wbuiltin-declaration-mismatch]
   85 | char strdup ();
      |      ^~~~~~
configure:14248: $? = 0
configure:14248: result: yes
configure:14248: checking for strtok
configure:14248: gcc -o conftest -g2 -Wall   conftest.c  >&5
configure:14248: $? = 0
configure:14248: result: yes
configure:14248: checking for strtoul
configure:14248: gcc -o conftest -g2 -Wall   conftest.c  >&5
configure:14248: $? = 0
configure:14248: result: yes
configure:14248: checking for strerror
configure:14248: gcc -o conftest -g2 -Wall   conftest.c  >&5
configure:14248: $? = 0
configure:14248: result: yes
configure:14248: checking for uname
configure:14248: gcc -o conftest -g2 -Wall   conftest.c  >&5
configure:14248: $? = 0
configure:14248: result: yes
configure:14260: checking for connect
configure:14260: gcc -o conftest -g2 -Wall   conftest.c  >&5
configure:14260: $? = 0
configure:14260: result: yes
configure:14319: checking for gethostbyname
configure:14319: gcc -o conftest -g2 -Wall   conftest.c  >&5
configure:14319: $? = 0
configure:14319: result: yes
configure:14359: checking for main in -linet
configure:14378: gcc -o conftest -g2 -Wall   conftest.c -linet   >&5
conftest.c: In function 'main':
conftest.c:70:1: warning: infinite recursion detected [-Winfinite-recursion]
   70 | main ()
      | ^~~~
conftest.c:72:8: note: recursive call
   72 | return main ();
      |        ^~~~~~~
/usr/bin/ld: cannot find -linet: No such file or directory
collect2: error: ld returned 1 exit status
configure:14378: $? = 1
configure: failed program was:
| /* confdefs.h */
| #define PACKAGE_NAME ""
| #define PACKAGE_TARNAME ""
| #define PACKAGE_VERSION ""
| #define PACKAGE_STRING ""
| #define PACKAGE_BUGREPORT ""
| #define PACKAGE_URL ""
| #define HOST_OS "x86_64-unknown-linux-gnu"
| #define PACKAGE "pilot-link"
| #define VERSION "0.12.5"
| #define STDC_HEADERS 1
| #define HAVE_SYS_TYPES_H 1
| #define HAVE_SYS_STAT_H 1
| #define HAVE_STDLIB_H 1
| #define HAVE_STRING_H 1
| #define HAVE_MEMORY_H 1
| #define HAVE_STRINGS_H 1
| #define HAVE_INTTYPES_H 1
| #define HAVE_STDINT_H 1
| #define HAVE_UNISTD_H 1
| #define HAVE_DLFCN_H 1
| #define LT_OBJDIR ".libs/"
| #define NULL_DEVICE "/dev/null"
| #define STDC_HEADERS 1
| #define TIME_WITH_SYS_TIME 1
| #define RETSIGTYPE void
| #define HAVE_DIRENT_H 1
| #define HAVE_ERRNO_H 1
| #define HAVE_FCNTL_H 1
| #define HAVE_INTTYPES_H 1
| #define HAVE_MEMORY_H 1
| #define HAVE_NETDB_H 1
| #define HAVE_NETINET_IN_H 1
| #define HAVE_REGEX_H 1
| #define HAVE_STDINT_H 1
| #define HAVE_STDLIB_H 1
| #define HAVE_STRING_H 1
| #define HAVE_STRINGS_H 1
| #define HAVE_SYS_IOCTL_H 1
| #define HAVE_SYS_SELECT_H 1
| #define HAVE_SYS_TIME_H 1
| #define HAVE_SYS_UTSNAME_H 1
| #define HAVE_UNISTD_H 1
| #define HAVE_IFADDRS_H 1
| #define HAVE_INTTYPES_H 1
| #define HAVE_ATEXIT 1
| #define HAVE_CFMAKERAW 1
| #define HAVE_CFSETISPEED 1
| #define HAVE_CFSETOSPEED 1
| #define HAVE_CFSETSPEED 1
| #define HAVE_DUP2 1
| #define HAVE_GETHOSTNAME 1
| #define HAVE_INET_ATON 1
| #define HAVE_MALLOC 1
| #define HAVE_MEMCPY 1
| #define HAVE_MEMMOVE 1
| #define HAVE_PUTENV 1
| #define HAVE_SIGACTION 1
| #define HAVE_SNPRINTF 1
| #define HAVE_STRCHR 1
| #define HAVE_STRDUP 1
| #define HAVE_STRTOK 1
| #define HAVE_STRTOUL 1
| #define HAVE_STRERROR 1
| #define HAVE_UNAME 1
| /* end confdefs.h.  */
| 
| 
| int
| main ()
| {
| return main ();
|   ;
|   return 0;
| }
configure:14387: result: no
configure:14394: checking for cispeed and cospeed members of struct termios
configure:14411: gcc -c -g2 -Wall  conftest.c >&5
conftest.c: In function 'main':
conftest.c:71:5: warning: 'main' is normally a non-static function [-Wmain]
   71 | int main(void) {
      |     ^~~~
conftest.c: At top level:
conftest.c:71:5: warning: 'main' defined but not used [-Wunused-function]
configure:14411: $? = 0
configure:14418: result: yes
configure:14428: checking for socklen_t
configure:14452: gcc -c -g2 -Wall  conftest.c >&5
configure:14452: $? = 0
configure:14462: result: yes
configure:14511: checking whether to enable userland conduits
configure:14528: result: yes
configure:14556: checking for main in -lpng
configure:14575: gcc -o conftest -g2 -Wall      conftest.c -lpng -lm  >&5
conftest.c: In function 'main':
conftest.c:72:1: warning: infinite recursion detected [-Winfinite-recursion]
   72 | main ()
      | ^~~~
conftest.c:74:8: note: recursive call
   74 | return main ();
      |        ^~~~~~~
configure:14575: $? = 0
configure:14584: result: yes
configure:14593: checking png.h usability
configure:14593: gcc -c -g2 -Wall    conftest.c >&5
configure:14593: $? = 0
configure:14593: result: yes
configure:14593: checking png.h presence
configure:14593: gcc -E   conftest.c
configure:14593: $? = 0
configure:14593: result: yes
configure:14593: checking for png.h
configure:14593: result: yes
configure:14602: checking for png setjmp support
configure:14619: result: yes
configure:15202: checking for pkg-config
configure:15220: found /usr/bin/pkg-config
configure:15232: result: /usr/bin/pkg-config
configure:15257: checking pkg-config is at least version 0.9.0
configure:15260: result: yes
configure:15271: checking for BLUEZ
configure:15279: $PKG_CONFIG --exists --print-errors "bluez"
configure:15282: $? = 0
configure:15297: $PKG_CONFIG --exists --print-errors "bluez"
configure:15300: $? = 0
configure:15592: result: yes
configure:15633: checking popt.h usability
configure:15633: gcc -c -g2 -Wall  conftest.c >&5
configure:15633: $? = 0
configure:15633: result: yes
configure:15633: checking popt.h presence
configure:15633: gcc -E  conftest.c
configure:15633: $? = 0
configure:15633: result: yes
configure:15633: checking for popt.h
configure:15633: result: yes
configure:15674: checking whether POPT_BIT_SET is declared
configure:15674: gcc -c -g2 -Wall  conftest.c >&5
configure:15674: $? = 0
configure:15674: result: yes
configure:15677: checking for poptStrippedArgv in -lpopt
configure:15702: gcc -o conftest -g2 -Wall   conftest.c -lpopt   >&5
configure:15702: $? = 0
configure:15711: result: yes
configure:15737: checking whether to use included popt
configure:15746: result: no
configure:15790: checking for libiconv in -liconv
configure:15815: gcc -o conftest -g2 -Wall     conftest.c -liconv   >&5
/usr/bin/ld: cannot find -liconv: No such file or directory
collect2: error: ld returned 1 exit status
configure:15815: $? = 1
configure: failed program was:
| /* confdefs.h */
| #define PACKAGE_NAME ""
| #define PACKAGE_TARNAME ""
| #define PACKAGE_VERSION ""
| #define PACKAGE_STRING ""
| #define PACKAGE_BUGREPORT ""
| #define PACKAGE_URL ""
| #define HOST_OS "x86_64-unknown-linux-gnu"
| #define PACKAGE "pilot-link"
| #define VERSION "0.12.5"
| #define STDC_HEADERS 1
| #define HAVE_SYS_TYPES_H 1
| #define HAVE_SYS_STAT_H 1
| #define HAVE_STDLIB_H 1
| #define HAVE_STRING_H 1
| #define HAVE_MEMORY_H 1
| #define HAVE_STRINGS_H 1
| #define HAVE_INTTYPES_H 1
| #define HAVE_STDINT_H 1
| #define HAVE_UNISTD_H 1
| #define HAVE_DLFCN_H 1
| #define LT_OBJDIR ".libs/"
| #define NULL_DEVICE "/dev/null"
| #define STDC_HEADERS 1
| #define TIME_WITH_SYS_TIME 1
| #define RETSIGTYPE void
| #define HAVE_DIRENT_H 1
| #define HAVE_ERRNO_H 1
| #define HAVE_FCNTL_H 1
| #define HAVE_INTTYPES_H 1
| #define HAVE_MEMORY_H 1
| #define HAVE_NETDB_H 1
| #define HAVE_NETINET_IN_H 1
| #define HAVE_REGEX_H 1
| #define HAVE_STDINT_H 1
| #define HAVE_STDLIB_H 1
| #define HAVE_STRING_H 1
| #define HAVE_STRINGS_H 1
| #define HAVE_SYS_IOCTL_H 1
| #define HAVE_SYS_SELECT_H 1
| #define HAVE_SYS_TIME_H 1
| #define HAVE_SYS_UTSNAME_H 1
| #define HAVE_UNISTD_H 1
| #define HAVE_IFADDRS_H 1
| #define HAVE_INTTYPES_H 1
| #define HAVE_ATEXIT 1
| #define HAVE_CFMAKERAW 1
| #define HAVE_CFSETISPEED 1
| #define HAVE_CFSETOSPEED 1
| #define HAVE_CFSETSPEED 1
| #define HAVE_DUP2 1
| #define HAVE_GETHOSTNAME 1
| #define HAVE_INET_ATON 1
| #define HAVE_MALLOC 1
| #define HAVE_MEMCPY 1
| #define HAVE_MEMMOVE 1
| #define HAVE_PUTENV 1
| #define HAVE_SIGACTION 1
| #define HAVE_SNPRINTF 1
| #define HAVE_STRCHR 1
| #define HAVE_STRDUP 1
| #define HAVE_STRTOK 1
| #define HAVE_STRTOUL 1
| #define HAVE_STRERROR 1
| #define HAVE_UNAME 1
| #define TERMIOS_CSPEED 1
| #define pl_socklen_t socklen_t
| #define HAVE_PNG 1
| #define HAVE_PTHREADS 0
| #define HAVE_USB 1
| #define HAVE_BLUEZ 1
| #define HAVE_LIBPOPT 1
| /* end confdefs.h.  */
| 
| /* Override any GCC internal prototype to avoid an error.
|    Use char because int might match the return type of a GCC
|    builtin and then its argument prototype would still apply.  */
| #ifdef __cplusplus
| extern "C"
| #endif
| char libiconv ();
| int
| main ()
| {
| return libiconv ();
|   ;
|   return 0;
| }
configure:15824: result: no
configure:15830: checking for iconv
configure:15830: gcc -o conftest -g2 -Wall     conftest.c  >&5
configure:15830: $? = 0
configure:15830: result: yes
configure:15835: checking for gnu_get_libc_version
configure:15835: gcc -o conftest -g2 -Wall     conftest.c  >&5
configure:15835: $? = 0
configure:15835: result: yes
configure:15844: checking if system iconv handles CP1252
configure:15880: gcc -o conftest -g2 -Wall     conftest.c  >&5
conftest.c: In function 'main':
conftest.c:95:24: warning: passing argument 2 of 'iconv' from incompatible pointer type [-Wincompatible-pointer-types]
   95 |         if (iconv (cd, &pc, &pc_len, &trans, &utf8_len) == -1 || pc_len != 0)
      |                        ^~~
      |                        |
      |                        const char **
In file included from conftest.c:76:
/usr/include/iconv.h:49:54: note: expected 'char ** restrict' but argument is of type 'const char **'
   49 | extern size_t iconv (iconv_t __cd, char **__restrict __inbuf,
      |                                    ~~~~~~~~~~~~~~~~~~^~~~~~~
configure:15880: $? = 0
configure:15880: ./conftest
configure:15880: $? = 0
configure:15881: result: yes
configure:15925: checking for a readline compatible library
configure:15958: gcc -o conftest -g2 -Wall   conftest.c  -lreadline >&5
configure:15958: $? = 0
configure:15977: result: -lreadline
configure:15990: checking readline.h usability
configure:15990: gcc -c -g2 -Wall  conftest.c >&5
conftest.c:110:10: fatal error: readline.h: No such file or directory
  110 | #include <readline.h>
      |          ^~~~~~~~~~~~
compilation terminated.
configure:15990: $? = 1
configure: failed program was:
| /* confdefs.h */
| #define PACKAGE_NAME ""
| #define PACKAGE_TARNAME ""
| #define PACKAGE_VERSION ""
| #define PACKAGE_STRING ""
| #define PACKAGE_BUGREPORT ""
| #define PACKAGE_URL ""
| #define HOST_OS "x86_64-unknown-linux-gnu"
| #define PACKAGE "pilot-link"
| #define VERSION "0.12.5"
| #define STDC_HEADERS 1
| #define HAVE_SYS_TYPES_H 1
| #define HAVE_SYS_STAT_H 1
| #define HAVE_STDLIB_H 1
| #define HAVE_STRING_H 1
| #define HAVE_MEMORY_H 1
| #define HAVE_STRINGS_H 1
| #define HAVE_INTTYPES_H 1
| #define HAVE_STDINT_H 1
| #define HAVE_UNISTD_H 1
| #define HAVE_DLFCN_H 1
| #define LT_OBJDIR ".libs/"
| #define NULL_DEVICE "/dev/null"
| #define STDC_HEADERS 1
| #define TIME_WITH_SYS_TIME 1
| #define RETSIGTYPE void
| #define HAVE_DIRENT_H 1
| #define HAVE_ERRNO_H 1
| #define HAVE_FCNTL_H 1
| #define HAVE_INTTYPES_H 1
| #define HAVE_MEMORY_H 1
| #define HAVE_NETDB_H 1
| #define HAVE_NETINET_IN_H 1
| #define HAVE_REGEX_H 1
| #define HAVE_STDINT_H 1
| #define HAVE_STDLIB_H 1
| #define HAVE_STRING_H 1
| #define HAVE_STRINGS_H 1
| #define HAVE_SYS_IOCTL_H 1
| #define HAVE_SYS_SELECT_H 1
| #define HAVE_SYS_TIME_H 1
| #define HAVE_SYS_UTSNAME_H 1
| #define HAVE_UNISTD_H 1
| #define HAVE_IFADDRS_H 1
| #define HAVE_INTTYPES_H 1
| #define HAVE_ATEXIT 1
| #define HAVE_CFMAKERAW 1
| #define HAVE_CFSETISPEED 1
| #define HAVE_CFSETOSPEED 1
| #define HAVE_CFSETSPEED 1
| #define HAVE_DUP2 1
| #define HAVE_GETHOSTNAME 1
| #define HAVE_INET_ATON 1
| #define HAVE_MALLOC 1
| #define HAVE_MEMCPY 1
| #define HAVE_MEMMOVE 1
| #define HAVE_PUTENV 1
| #define HAVE_SIGACTION 1
| #define HAVE_SNPRINTF 1
| #define HAVE_STRCHR 1
| #define HAVE_STRDUP 1
| #define HAVE_STRTOK 1
| #define HAVE_STRTOUL 1
| #define HAVE_STRERROR 1
| #define HAVE_UNAME 1
| #define TERMIOS_CSPEED 1
| #define pl_socklen_t socklen_t
| #define HAVE_PNG 1
| #define HAVE_PTHREADS 0
| #define HAVE_USB 1
| #define HAVE_BLUEZ 1
| #define HAVE_LIBPOPT 1
| #define HAVE_GNU_GET_LIBC_VERSION 1
| #define HAVE_ICONV 1
| #define HAVE_LIBREADLINE 1
| /* end confdefs.h.  */
| #include <stdio.h>
| #ifdef HAVE_SYS_TYPES_H
| # include <sys/types.h>
| #endif
| #ifdef HAVE_SYS_STAT_H
| # include <sys/stat.h>
| #endif
| #ifdef STDC_HEADERS
| # include <stdlib.h>
| # include <stddef.h>
| #else
| # ifdef HAVE_STDLIB_H
| #  include <stdlib.h>
| # endif
| #endif
| #ifdef HAVE_STRING_H
| # if !defined STDC_HEADERS && defined HAVE_MEMORY_H
| #  include <memory.h>
| # endif
| # include <string.h>
| #endif
| #ifdef HAVE_STRINGS_H
| # include <strings.h>
| #endif
| #ifdef HAVE_INTTYPES_H
| # include <inttypes.h>
| #endif
| #ifdef HAVE_STDINT_H
| # include <stdint.h>
| #endif
| #ifdef HAVE_UNISTD_H
| # include <unistd.h>
| #endif
| #include <readline.h>
configure:15990: result: no
configure:15990: checking readline.h presence
configure:15990: gcc -E  conftest.c
conftest.c:77:10: fatal error: readline.h: No such file or directory
   77 | #include <readline.h>
      |          ^~~~~~~~~~~~
compilation terminated.
configure:15990: $? = 1
configure: failed program was:
| /* confdefs.h */
| #define PACKAGE_NAME ""
| #define PACKAGE_TARNAME ""
| #define PACKAGE_VERSION ""
| #define PACKAGE_STRING ""
| #define PACKAGE_BUGREPORT ""
| #define PACKAGE_URL ""
| #define HOST_OS "x86_64-unknown-linux-gnu"
| #define PACKAGE "pilot-link"
| #define VERSION "0.12.5"
| #define STDC_HEADERS 1
| #define HAVE_SYS_TYPES_H 1
| #define HAVE_SYS_STAT_H 1
| #define HAVE_STDLIB_H 1
| #define HAVE_STRING_H 1
| #define HAVE_MEMORY_H 1
| #define HAVE_STRINGS_H 1
| #define HAVE_INTTYPES_H 1
| #define HAVE_STDINT_H 1
| #define HAVE_UNISTD_H 1
| #define HAVE_DLFCN_H 1
| #define LT_OBJDIR ".libs/"
| #define NULL_DEVICE "/dev/null"
| #define STDC_HEADERS 1
| #define TIME_WITH_SYS_TIME 1
| #define RETSIGTYPE void
| #define HAVE_DIRENT_H 1
| #define HAVE_ERRNO_H 1
| #define HAVE_FCNTL_H 1
| #define HAVE_INTTYPES_H 1
| #define HAVE_MEMORY_H 1
| #define HAVE_NETDB_H 1
| #define HAVE_NETINET_IN_H 1
| #define HAVE_REGEX_H 1
| #define HAVE_STDINT_H 1
| #define HAVE_STDLIB_H 1
| #define HAVE_STRING_H 1
| #define HAVE_STRINGS_H 1
| #define HAVE_SYS_IOCTL_H 1
| #define HAVE_SYS_SELECT_H 1
| #define HAVE_SYS_TIME_H 1
| #define HAVE_SYS_UTSNAME_H 1
| #define HAVE_UNISTD_H 1
| #define HAVE_IFADDRS_H 1
| #define HAVE_INTTYPES_H 1
| #define HAVE_ATEXIT 1
| #define HAVE_CFMAKERAW 1
| #define HAVE_CFSETISPEED 1
| #define HAVE_CFSETOSPEED 1
| #define HAVE_CFSETSPEED 1
| #define HAVE_DUP2 1
| #define HAVE_GETHOSTNAME 1
| #define HAVE_INET_ATON 1
| #define HAVE_MALLOC 1
| #define HAVE_MEMCPY 1
| #define HAVE_MEMMOVE 1
| #define HAVE_PUTENV 1
| #define HAVE_SIGACTION 1
| #define HAVE_SNPRINTF 1
| #define HAVE_STRCHR 1
| #define HAVE_STRDUP 1
| #define HAVE_STRTOK 1
| #define HAVE_STRTOUL 1
| #define HAVE_STRERROR 1
| #define HAVE_UNAME 1
| #define TERMIOS_CSPEED 1
| #define pl_socklen_t socklen_t
| #define HAVE_PNG 1
| #define HAVE_PTHREADS 0
| #define HAVE_USB 1
| #define HAVE_BLUEZ 1
| #define HAVE_LIBPOPT 1
| #define HAVE_GNU_GET_LIBC_VERSION 1
| #define HAVE_ICONV 1
| #define HAVE_LIBREADLINE 1
| /* end confdefs.h.  */
| #include <readline.h>
configure:15990: result: no
configure:15990: checking for readline.h
configure:15990: result: no
configure:15990: checking readline/readline.h usability
configure:15990: gcc -c -g2 -Wall  conftest.c >&5
configure:15990: $? = 0
configure:15990: result: yes
configure:15990: checking readline/readline.h presence
configure:15990: gcc -E  conftest.c
configure:15990: $? = 0
configure:15990: result: yes
configure:15990: checking for readline/readline.h
configure:15990: result: yes
configure:16001: checking whether readline supports history
configure:16026: gcc -o conftest -g2 -Wall   conftest.c  >&5
/usr/bin/ld: /tmp/ccwAMKrG.o: in function `main':
/home/kenny/palm/pilot-link-0.12.5/conftest.c:89: undefined reference to `add_history'
collect2: error: ld returned 1 exit status
configure:16026: $? = 1
configure: failed program was:
| /* confdefs.h */
| #define PACKAGE_NAME ""
| #define PACKAGE_TARNAME ""
| #define PACKAGE_VERSION ""
| #define PACKAGE_STRING ""
| #define PACKAGE_BUGREPORT ""
| #define PACKAGE_URL ""
| #define HOST_OS "x86_64-unknown-linux-gnu"
| #define PACKAGE "pilot-link"
| #define VERSION "0.12.5"
| #define STDC_HEADERS 1
| #define HAVE_SYS_TYPES_H 1
| #define HAVE_SYS_STAT_H 1
| #define HAVE_STDLIB_H 1
| #define HAVE_STRING_H 1
| #define HAVE_MEMORY_H 1
| #define HAVE_STRINGS_H 1
| #define HAVE_INTTYPES_H 1
| #define HAVE_STDINT_H 1
| #define HAVE_UNISTD_H 1
| #define HAVE_DLFCN_H 1
| #define LT_OBJDIR ".libs/"
| #define NULL_DEVICE "/dev/null"
| #define STDC_HEADERS 1
| #define TIME_WITH_SYS_TIME 1
| #define RETSIGTYPE void
| #define HAVE_DIRENT_H 1
| #define HAVE_ERRNO_H 1
| #define HAVE_FCNTL_H 1
| #define HAVE_INTTYPES_H 1
| #define HAVE_MEMORY_H 1
| #define HAVE_NETDB_H 1
| #define HAVE_NETINET_IN_H 1
| #define HAVE_REGEX_H 1
| #define HAVE_STDINT_H 1
| #define HAVE_STDLIB_H 1
| #define HAVE_STRING_H 1
| #define HAVE_STRINGS_H 1
| #define HAVE_SYS_IOCTL_H 1
| #define HAVE_SYS_SELECT_H 1
| #define HAVE_SYS_TIME_H 1
| #define HAVE_SYS_UTSNAME_H 1
| #define HAVE_UNISTD_H 1
| #define HAVE_IFADDRS_H 1
| #define HAVE_INTTYPES_H 1
| #define HAVE_ATEXIT 1
| #define HAVE_CFMAKERAW 1
| #define HAVE_CFSETISPEED 1
| #define HAVE_CFSETOSPEED 1
| #define HAVE_CFSETSPEED 1
| #define HAVE_DUP2 1
| #define HAVE_GETHOSTNAME 1
| #define HAVE_INET_ATON 1
| #define HAVE_MALLOC 1
| #define HAVE_MEMCPY 1
| #define HAVE_MEMMOVE 1
| #define HAVE_PUTENV 1
| #define HAVE_SIGACTION 1
| #define HAVE_SNPRINTF 1
| #define HAVE_STRCHR 1
| #define HAVE_STRDUP 1
| #define HAVE_STRTOK 1
| #define HAVE_STRTOUL 1
| #define HAVE_STRERROR 1
| #define HAVE_UNAME 1
| #define TERMIOS_CSPEED 1
| #define pl_socklen_t socklen_t
| #define HAVE_PNG 1
| #define HAVE_PTHREADS 0
| #define HAVE_USB 1
| #define HAVE_BLUEZ 1
| #define HAVE_LIBPOPT 1
| #define HAVE_GNU_GET_LIBC_VERSION 1
| #define HAVE_ICONV 1
| #define HAVE_LIBREADLINE 1
| #define HAVE_READLINE_READLINE_H 1
| /* end confdefs.h.  */
| 
| /* Override any GCC internal prototype to avoid an error.
|    Use char because int might match the return type of a GCC
|    builtin and then its argument prototype would still apply.  */
| #ifdef __cplusplus
| extern "C"
| #endif
| char add_history ();
| int
| main ()
| {
| return add_history ();
|   ;
|   return 0;
| }
configure:16033: result: no
configure:16073: checking if perl was enabled
configure:16075: result: no
configure:17219: creating ./config.status

## ---------------------- ##
## Running config.status. ##
## ---------------------- ##

This file was extended by config.status, which was
generated by GNU Autoconf 2.65.  Invocation command line was

  CONFIG_FILES    = 
  CONFIG_HEADERS  = 
  CONFIG_LINKS    = 
  CONFIG_COMMANDS = 
  $ ./config.status 

on sadiemain

config.status:1290: creating Makefile
config.status:1290: creating pilot-link.m4
config.status:1290: creating pilot-link.pc
config.status:1290: creating pilot-link-pp.pc
config.status:1290: creating libpisock/Makefile
config.status:1290: creating libpisync/Makefile
config.status:1290: creating include/Makefile
config.status:1290: creating include/pi-version.h
config.status:1290: creating popt/Makefile
config.status:1290: creating src/Makefile
config.status:1290: creating src/prc/Makefile
config.status:1290: creating src/pix/Makefile
config.status:1290: creating bindings/Makefile
config.status:1290: creating bindings/Perl/Makefile.PL
config.status:1290: creating bindings/Python/setup.py
config.status:1290: creating bindings/Python/setup-standalone.py
config.status:1290: creating bindings/Java/Makefile
config.status:1290: creating bindings/Tcl/Makefile
config.status:1290: creating doc/Makefile
config.status:1290: creating doc/doxygen.cfg
config.status:1290: creating doc/xml/Makefile
config.status:1290: creating doc/xml/catalog.xml
config.status:1290: creating doc/xml/docbook.xsl
config.status:1290: creating doc/man/Makefile
config.status:1290: creating tests/Makefile
config.status:1290: creating darwin/Makefile
config.status:1290: creating config.h
config.status:1462: config.h is unchanged
config.status:1290: creating include/pi-md5.h
config.status:1462: include/pi-md5.h is unchanged
config.status:1510: executing depfiles commands
config.status:1510: executing libtool commands
configure:19692: result:
  Options detected/selected
  -------------------------.
  pilot-link version...... : 0.12.5
  libpisock version....... : 9.0.2
  libpisync version....... : 1.0.3
  Build for host.......... : x86_64-unknown-linux-gnu
  Extra Warnings.......... : no
  Direct USB support...... : yes, Linux
  BlueZ support........... : yes
  Thread-safe libpisock... : no
  ElectricFence checks.... : no
  CPPFLAGS................ : 
  CFLAGS.................. : -g2 -Wall

  Userland Tools
  -------------------------.
  Build userland tools.... : yes
  Support for popt........ : yes (system)
  Readline support........ : yes
  PNG support............. : yes

  Internal Language Support
  -------------------------.
  Iconv support........... : yes

  External Language Support
  -------------------------.
  TCL support............. : false	
  Java support............ : false	
  Python support.......... : false	
  Perl support............ : false	


## ---------------- ##
## Cache variables. ##
## ---------------- ##

ac_cv_build=x86_64-unknown-linux-gnu
ac_cv_c_compiler_gnu=yes
ac_cv_c_const=yes
ac_cv_env_BLUEZ_CFLAGS_set=
ac_cv_env_BLUEZ_CFLAGS_value=
ac_cv_env_BLUEZ_LIBS_set=
ac_cv_env_BLUEZ_LIBS_value=
ac_cv_env_CC_set=
ac_cv_env_CC_value=
ac_cv_env_CFLAGS_set=
ac_cv_env_CFLAGS_value=
ac_cv_env_CPPFLAGS_set=
ac_cv_env_CPPFLAGS_value=
ac_cv_env_CPP_set=
ac_cv_env_CPP_value=
ac_cv_env_F77_set=
ac_cv_env_F77_value=
ac_cv_env_FFLAGS_set=
ac_cv_env_FFLAGS_value=
ac_cv_env_LDFLAGS_set=
ac_cv_env_LDFLAGS_value=
ac_cv_env_LIBS_set=
ac_cv_env_LIBS_value=
ac_cv_env_PKG_CONFIG_set=
ac_cv_env_PKG_CONFIG_value=
ac_cv_env_YACC_set=
ac_cv_env_YACC_value=
ac_cv_env_YFLAGS_set=
ac_cv_env_YFLAGS_value=
ac_cv_env_build_alias_set=
ac_cv_env_build_alias_value=
ac_cv_env_host_alias_set=
ac_cv_env_host_alias_value=
ac_cv_env_target_alias_set=
ac_cv_env_target_alias_value=
ac_cv_f77_compiler_gnu=no
ac_cv_func_atexit=yes
ac_cv_func_cfmakeraw=yes
ac_cv_func_cfsetispeed=yes
ac_cv_func_cfsetospeed=yes
ac_cv_func_cfsetspeed=yes
ac_cv_func_connect=yes
ac_cv_func_dup2=yes
ac_cv_func_gethostbyname=yes
ac_cv_func_gethostname=yes
ac_cv_func_gnu_get_libc_version=yes
ac_cv_func_iconv=yes
ac_cv_func_inet_aton=yes
ac_cv_func_malloc=yes
ac_cv_func_memcpy=yes
ac_cv_func_memmove=yes
ac_cv_func_putenv=yes
ac_cv_func_sigaction=yes
ac_cv_func_snprintf=yes
ac_cv_func_strchr=yes
ac_cv_func_strdup=yes
ac_cv_func_strerror=yes
ac_cv_func_strtok=yes
ac_cv_func_strtoul=yes
ac_cv_func_uname=yes
ac_cv_have_decl_POPT_BIT_SET=yes
ac_cv_header_IOKit_IOBSD_h=no
ac_cv_header_dirent_h=yes
ac_cv_header_dlfcn_h=yes
ac_cv_header_errno_h=yes
ac_cv_header_fcntl_h=yes
ac_cv_header_ifaddrs_h=yes
ac_cv_header_inttypes_h=yes
ac_cv_header_memory_h=yes
ac_cv_header_netdb_h=yes
ac_cv_header_netinet_in_h=yes
ac_cv_header_png_h=yes
ac_cv_header_popt_h=yes
ac_cv_header_readline_h=no
ac_cv_header_readline_readline_h=yes
ac_cv_header_regex_h=yes
ac_cv_header_stdc=yes
ac_cv_header_stdint_h=yes
ac_cv_header_stdlib_h=yes
ac_cv_header_string_h=yes
ac_cv_header_strings_h=yes
ac_cv_header_sys_ioctl_compat_h=no
ac_cv_header_sys_ioctl_h=yes
ac_cv_header_sys_malloc_h=no
ac_cv_header_sys_select_h=yes
ac_cv_header_sys_sockio_h=no
ac_cv_header_sys_stat_h=yes
ac_cv_header_sys_time_h=yes
ac_cv_header_sys_types_h=yes
ac_cv_header_sys_utsname_h=yes
ac_cv_header_time=yes
ac_cv_header_unistd_h=yes
ac_cv_host=x86_64-unknown-linux-gnu
ac_cv_lib_iconv_libiconv=no
ac_cv_lib_inet_main=no
ac_cv_lib_png_main=yes
ac_cv_lib_popt_poptStrippedArgv=yes
ac_cv_objext=o
ac_cv_path_EGREP='/usr/bin/grep -E'
ac_cv_path_FGREP='/usr/bin/grep -F'
ac_cv_path_GREP=/usr/bin/grep
ac_cv_path_SED=/usr/bin/sed
ac_cv_path_ac_pt_PKG_CONFIG=/usr/bin/pkg-config
ac_cv_path_install='/usr/bin/install -c'
ac_cv_path_mkdir=/usr/bin/mkdir
ac_cv_prog_AWK=mawk
ac_cv_prog_CPP='gcc -E'
ac_cv_prog_ac_ct_AR=ar
ac_cv_prog_ac_ct_CC=gcc
ac_cv_prog_ac_ct_OBJDUMP=objdump
ac_cv_prog_ac_ct_RANLIB=ranlib
ac_cv_prog_ac_ct_STRIP=strip
ac_cv_prog_cc_c89=
ac_cv_prog_cc_g=yes
ac_cv_prog_f77_g=no
ac_cv_prog_gcc_traditional=no
ac_cv_prog_make_make_set=yes
ac_cv_struct_tm=time.h
ac_cv_target=x86_64-unknown-linux-gnu
ac_cv_termios_cspeed=yes
ac_cv_type_signal=void
am_cv_CC_dependencies_compiler_type=gcc3
kde_cv_socklen_t=yes
kde_cv_socklen_t_equiv=socklen_t
lt_cv_deplibs_check_method=pass_all
lt_cv_file_magic_cmd='$MAGIC_CMD'
lt_cv_file_magic_test_file=
lt_cv_ld_reload_flag=-r
lt_cv_nm_interface='BSD nm'
lt_cv_objdir=.libs
lt_cv_path_LD=/usr/bin/ld
lt_cv_path_NM='/usr/bin/nm -B'
lt_cv_prog_compiler_c_o=yes
lt_cv_prog_compiler_pic_works=yes
lt_cv_prog_compiler_rtti_exceptions=no
lt_cv_prog_compiler_static_works=yes
lt_cv_prog_gnu_ld=yes
lt_cv_sys_global_symbol_pipe='sed -n -e '\''s/^.*[	 ]\([ABCDGIRSTW][ABCDGIRSTW]*\)[	 ][	 ]*\([_A-Za-z][_A-Za-z0-9]*\)$/\1 \2 \2/p'\'''
lt_cv_sys_global_symbol_to_c_name_address='sed -n -e '\''s/^: \([^ ]*\) $/  {\"\1\", (void *) 0},/p'\'' -e '\''s/^[ABCDGIRSTW]* \([^ ]*\) \([^ ]*\)$/  {"\2", (void *) \&\2},/p'\'''
lt_cv_sys_global_symbol_to_c_name_address_lib_prefix='sed -n -e '\''s/^: \([^ ]*\) $/  {\"\1\", (void *) 0},/p'\'' -e '\''s/^[ABCDGIRSTW]* \([^ ]*\) \(lib[^ ]*\)$/  {"\2", (void *) \&\2},/p'\'' -e '\''s/^[ABCDGIRSTW]* \([^ ]*\) \([^ ]*\)$/  {"lib\2", (void *) \&\2},/p'\'''
lt_cv_sys_global_symbol_to_cdecl='sed -n -e '\''s/^T .* \(.*\)$/extern int \1();/p'\'' -e '\''s/^[ABCDGIRSTW]* .* \(.*\)$/extern char \1;/p'\'''
lt_cv_sys_max_cmd_len=1572864
pkg_cv_BLUEZ_CFLAGS=
pkg_cv_BLUEZ_LIBS='-lbluetooth '
vl_cv_lib_readline=-lreadline
vl_cv_lib_readline_history=no

## ----------------- ##
## Output variables. ##
## ----------------- ##

ACLOCAL='${SHELL} /home/kenny/palm/pilot-link-0.12.5/missing --run aclocal-1.11'
AMDEPBACKSLASH='\'
AMDEP_FALSE='#'
AMDEP_TRUE=''
AMTAR='${SHELL} /home/kenny/palm/pilot-link-0.12.5/missing --run tar'
AR='ar'
AUTOCONF='${SHELL} /home/kenny/palm/pilot-link-0.12.5/missing --run autoconf'
AUTOHEADER='${SHELL} /home/kenny/palm/pilot-link-0.12.5/missing --run autoheader'
AUTOMAKE='${SHELL} /home/kenny/palm/pilot-link-0.12.5/missing --run automake-1.11'
AWK='mawk'
BLUEZ_CFLAGS=''
BLUEZ_LIBS='-lbluetooth '
BUILD_XML_FALSE='#'
BUILD_XML_TRUE=''
CAT_ENTRY_END=''
CAT_ENTRY_START=''
CC='gcc'
CCDEPMODE='depmode=gcc3'
CFLAGS='-g2 -Wall'
CPP='gcc -E'
CPPFLAGS=''
CVS_BUILD_FALSE=''
CVS_BUILD_TRUE='#'
CYGPATH_W='echo'
DEFS='-DHAVE_CONFIG_H'
DEPDIR='.deps'
DOCBOOK_ROOT=''
DSYMUTIL=''
DUMPBIN=''
ECHO_C=''
ECHO_N='-n'
ECHO_T=''
EGREP='/usr/bin/grep -E'
ENABLE_CONDUITS_FALSE='#'
ENABLE_CONDUITS_TRUE=''
ENABLE_XSLTPROC_FALSE=''
ENABLE_XSLTPROC_TRUE='#'
EXEEXT=''
F77=''
FFLAGS=''
FGREP='/usr/bin/grep -F'
GREP='/usr/bin/grep'
ICONV_CFLAGS=''
ICONV_LIBS=''
INCLUDED_POPT_FALSE=''
INCLUDED_POPT_TRUE='#'
INSTALL_DATA='${INSTALL} -m 644'
INSTALL_PROGRAM='${INSTALL}'
INSTALL_SCRIPT='${INSTALL}'
INSTALL_STRIP_PROGRAM='$(install_sh) -c -s'
JAR=''
JAVA=''
JAVABASE=''
JAVAC=''
JAVA_VERSION=''
LD='/usr/bin/ld -m elf_x86_64'
LDFLAGS=''
LIBOBJS=''
LIBS=''
LIBTOOL='$(SHELL) $(top_builddir)/libtool'
LIPO=''
LN_S='ln -s'
LTLIBOBJS=''
MAINT='#'
MAINTAINER_MODE_FALSE=''
MAINTAINER_MODE_TRUE='#'
MAKEINFO='${SHELL} /home/kenny/palm/pilot-link-0.12.5/missing --run makeinfo'
MKDIR_P='/usr/bin/mkdir -p'
NM='/usr/bin/nm -B'
NMEDIT=''
OBJDUMP='objdump'
OBJEXT='o'
OTOOL64=''
OTOOL=''
PACKAGE='pilot-link'
PACKAGE_BUGREPORT=''
PACKAGE_NAME=''
PACKAGE_STRING=''
PACKAGE_TARNAME=''
PACKAGE_URL=''
PACKAGE_VERSION=''
PATH_SEPARATOR=':'
PERL=''
PIC_LIBS=''
PILOT_LINK_MAJOR='12'
PILOT_LINK_MINOR='5'
PILOT_LINK_PATCH=''
PILOT_LINK_VERS='0'
PISOCK_AGE='0'
PISOCK_CURRENT='9'
PISOCK_REVISION='2'
PISYNC_AGE='0'
PISYNC_CURRENT='1'
PISYNC_REVISION='3'
PKG_CONFIG='/usr/bin/pkg-config'
PNG_CFLAGS=''
PNG_LIBS=' -lpng'
POPT_INCLUDES=''
POPT_LIBS='-lpopt'
PTHREAD_CC=''
PTHREAD_CFLAGS=''
PTHREAD_LIBS=''
PYTHON=''
PYTHON_CFLAGS=''
PYTHON_H=''
PYTHON_LIBS=''
PYTHON_VERSION=''
RANLIB='ranlib'
RL_LIBS='-lreadline'
SED='/usr/bin/sed'
SET_MAKE=''
SHELL='/bin/bash'
STRIP='strip'
TCLSH_PROG=''
TCL_BIN_DIR=''
TCL_DEFS=''
TCL_EXTRA_CFLAGS=''
TCL_INCLUDES=''
TCL_LD_FLAGS=''
TCL_LIBS=''
TCL_LIB_FILE=''
TCL_LIB_FLAG=''
TCL_LIB_SPEC=''
TCL_SHLIB_LD_LIBS=''
TCL_SRC_DIR=''
TCL_STUB_LIB_FILE=''
TCL_STUB_LIB_FLAG=''
TCL_STUB_LIB_SPEC=''
TCL_VERSION=''
VERSION='0.12.5'
WISH_PROG=''
WITH_BLUEZ_FALSE='#'
WITH_BLUEZ_TRUE=''
WITH_DARWINUSB_FALSE=''
WITH_DARWINUSB_TRUE='#'
WITH_FREEBSDUSB_FALSE=''
WITH_FREEBSDUSB_TRUE='#'
WITH_JAVA_FALSE=''
WITH_JAVA_TRUE='#'
WITH_LIBUSB_FALSE=''
WITH_LIBUSB_TRUE='#'
WITH_LINUXUSB_FALSE='#'
WITH_LINUXUSB_TRUE=''
WITH_PERL_FALSE=''
WITH_PERL_TRUE='#'
WITH_PYTHON_FALSE=''
WITH_PYTHON_TRUE='#'
WITH_TCL_FALSE=''
WITH_TCL_TRUE='#'
WITH_USB_FALSE='#'
WITH_USB_TRUE=''
XML_CATALOG=''
XSLTPROC=''
XSLTPROC_FLAGS='--nonet'
YACC='yacc'
YFLAGS=''
ac_ct_CC='gcc'
ac_ct_DUMPBIN=''
ac_ct_F77=''
acx_pthread_config=''
am__EXEEXT_FALSE=''
am__EXEEXT_TRUE='#'
am__fastdepCC_FALSE='#'
am__fastdepCC_TRUE=''
am__include='include'
am__isrc=''
am__leading_dot='.'
am__quote=''
am__tar='${AMTAR} chof - "$$tardir"'
am__untar='${AMTAR} xf -'
bindir='${exec_prefix}/bin'
build='x86_64-unknown-linux-gnu'
build_alias=''
build_cpu='x86_64'
build_os='linux-gnu'
build_vendor='unknown'
datadir='${datarootdir}'
datarootdir='${prefix}/share'
docdir='${datarootdir}/doc/${PACKAGE}'
dvidir='${docdir}'
exec_prefix='${prefix}'
host='x86_64-unknown-linux-gnu'
host_alias=''
host_cpu='x86_64'
host_os='linux-gnu'
host_vendor='unknown'
htmldir='${docdir}'
includedir='${prefix}/include'
infodir='${datarootdir}/info'
install_sh='${SHELL} /home/kenny/palm/pilot-link-0.12.5/install-sh'
libdir='${exec_prefix}/lib'
libexecdir='${exec_prefix}/libexec'
localedir='${datarootdir}/locale'
localstatedir='${prefix}/var'
lt_ECHO='echo'
mandir='${datarootdir}/man'
mkdir_p='/usr/bin/mkdir -p'
oldincludedir='/usr/include'
pdfdir='${docdir}'
prefix='/usr/local'
program_transform_name='s,x,x,'
psdir='${docdir}'
sbindir='${exec_prefix}/sbin'
sharedstatedir='${prefix}/com'
sysconfdir='${prefix}/etc'
target='x86_64-unknown-linux-gnu'
target_alias=''
target_cpu='x86_64'
target_os='linux-gnu'
target_vendor='unknown'
usb_libs=''

## ----------- ##
## confdefs.h. ##
## ----------- ##

/* confdefs.h */
#define PACKAGE_NAME ""
#define PACKAGE_TARNAME ""
#define PACKAGE_VERSION ""
#define PACKAGE_STRING ""
#define PACKAGE_BUGREPORT ""
#define PACKAGE_URL ""
#define HOST_OS "x86_64-unknown-linux-gnu"
#define PACKAGE "pilot-link"
#define VERSION "0.12.5"
#define STDC_HEADERS 1
#define HAVE_SYS_TYPES_H 1
#define HAVE_SYS_STAT_H 1
#define HAVE_STDLIB_H 1
#define HAVE_STRING_H 1
#define HAVE_MEMORY_H 1
#define HAVE_STRINGS_H 1
#define HAVE_INTTYPES_H 1
#define HAVE_STDINT_H 1
#define HAVE_UNISTD_H 1
#define HAVE_DLFCN_H 1
#define LT_OBJDIR ".libs/"
#define NULL_DEVICE "/dev/null"
#define STDC_HEADERS 1
#define TIME_WITH_SYS_TIME 1
#define RETSIGTYPE void
#define HAVE_DIRENT_H 1
#define HAVE_ERRNO_H 1
#define HAVE_FCNTL_H 1
#define HAVE_INTTYPES_H 1
#define HAVE_MEMORY_H 1
#define HAVE_NETDB_H 1
#define HAVE_NETINET_IN_H 1
#define HAVE_REGEX_H 1
#define HAVE_STDINT_H 1
#define HAVE_STDLIB_H 1
#define HAVE_STRING_H 1
#define HAVE_STRINGS_H 1
#define HAVE_SYS_IOCTL_H 1
#define HAVE_SYS_SELECT_H 1
#define HAVE_SYS_TIME_H 1
#define HAVE_SYS_UTSNAME_H 1
#define HAVE_UNISTD_H 1
#define HAVE_IFADDRS_H 1
#define HAVE_INTTYPES_H 1
#define HAVE_ATEXIT 1
#define HAVE_CFMAKERAW 1
#define HAVE_CFSETISPEED 1
#define HAVE_CFSETOSPEED 1
#define HAVE_CFSETSPEED 1
#define HAVE_DUP2 1
#define HAVE_GETHOSTNAME 1
#define HAVE_INET_ATON 1
#define HAVE_MALLOC 1
#define HAVE_MEMCPY 1
#define HAVE_MEMMOVE 1
#define HAVE_PUTENV 1
#define HAVE_SIGACTION 1
#define HAVE_SNPRINTF 1
#define HAVE_STRCHR 1
#define HAVE_STRDUP 1
#define HAVE_STRTOK 1
#define HAVE_STRTOUL 1
#define HAVE_STRERROR 1
#define HAVE_UNAME 1
#define TERMIOS_CSPEED 1
#define pl_socklen_t socklen_t
#define HAVE_PNG 1
#define HAVE_PTHREADS 0
#define HAVE_USB 1
#define HAVE_BLUEZ 1
#define HAVE_LIBPOPT 1
#define HAVE_GNU_GET_LIBC_VERSION 1
#define HAVE_ICONV 1
#define HAVE_LIBREADLINE 1
#define HAVE_READLINE_READLINE_H 1
#define PI_DEBUG 1
#define TTYPrompt "/dev/tty<0..n>"

configure: exit 0
